<?xml version="1.0" encoding="UTF-8" ?>
<testsuite failures="0" time="0.02" errors="0" skipped="0" tests="1" name="biz.wittkemper.jfiretest.ConfigTest">
  <properties>
    <property name="java.runtime.name" value="OpenJDK Runtime Environment"/>
    <property name="sun.boot.library.path" value="/usr/lib/jvm/java-6-openjdk/jre/lib/amd64"/>
    <property name="java.vm.version" value="20.0-b11"/>
    <property name="java.vm.vendor" value="Sun Microsystems Inc."/>
    <property name="java.vendor.url" value="http://java.sun.com/"/>
    <property name="path.separator" value=":"/>
    <property name="java.vm.name" value="OpenJDK 64-Bit Server VM"/>
    <property name="file.encoding.pkg" value="sun.io"/>
    <property name="user.country" value="DE"/>
    <property name="sun.java.launcher" value="SUN_STANDARD"/>
    <property name="sun.os.patch.level" value="unknown"/>
    <property name="java.vm.specification.name" value="Java Virtual Machine Specification"/>
    <property name="user.dir" value="/home/joerg/Develop/Workspace/jfire"/>
    <property name="java.runtime.version" value="1.6.0_23-b23"/>
    <property name="java.awt.graphicsenv" value="sun.awt.X11GraphicsEnvironment"/>
    <property name="basedir" value="/home/joerg/Develop/Workspace/jfire"/>
    <property name="java.endorsed.dirs" value="/usr/lib/jvm/java-6-openjdk/jre/lib/endorsed"/>
    <property name="os.arch" value="amd64"/>
    <property name="surefire.real.class.path" value="/tmp/surefirebooter7065963111575999030.jar"/>
    <property name="java.io.tmpdir" value="/tmp"/>
    <property name="line.separator" value="
"/>
    <property name="java.vm.specification.vendor" value="Sun Microsystems Inc."/>
    <property name="os.name" value="Linux"/>
    <property name="sun.jnu.encoding" value="UTF-8"/>
    <property name="java.library.path" value="/usr/lib/jvm/java-6-openjdk/jre/lib/amd64/server:/usr/lib/jvm/java-6-openjdk/jre/lib/amd64:/usr/lib/jvm/java-6-openjdk/jre/../lib/amd64:/usr/java/packages/lib/amd64:/usr/lib/jni:/lib:/usr/lib"/>
    <property name="surefire.test.class.path" value="/home/joerg/Develop/Workspace/jfire/target/test-classes:/home/joerg/Develop/Workspace/jfire/target/classes:/home/joerg/mvnrepo/commons-collections/commons-collections/3.2.1/commons-collections-3.2.1.jar:/home/joerg/mvnrepo/junit/junit/4.8.2/junit-4.8.2.jar:/home/joerg/mvnrepo/org/hibernate/hibernate-core/3.5.6-Final/hibernate-core-3.5.6-Final.jar:/home/joerg/mvnrepo/antlr/antlr/2.7.6/antlr-2.7.6.jar:/home/joerg/mvnrepo/dom4j/dom4j/1.6.1/dom4j-1.6.1.jar:/home/joerg/mvnrepo/xml-apis/xml-apis/1.3.02/xml-apis-1.3.02.jar:/home/joerg/mvnrepo/javax/transaction/jta/1.1/jta-1.1.jar:/home/joerg/mvnrepo/org/slf4j/slf4j-api/1.6.2/slf4j-api-1.6.2.jar:/home/joerg/mvnrepo/org/hibernate/hibernate-annotations/3.5.6-Final/hibernate-annotations-3.5.6-Final.jar:/home/joerg/mvnrepo/org/hibernate/hibernate-commons-annotations/3.2.0.Final/hibernate-commons-annotations-3.2.0.Final.jar:/home/joerg/mvnrepo/org/hibernate/javax/persistence/hibernate-jpa-2.0-api/1.0.0.Final/hibernate-jpa-2.0-api-1.0.0.Final.jar:/home/joerg/mvnrepo/org/apache/derby/derby/10.8.1.2/derby-10.8.1.2.jar:/home/joerg/mvnrepo/c3p0/c3p0/0.9.1/c3p0-0.9.1.jar:/home/joerg/mvnrepo/javassist/javassist/3.12.1.GA/javassist-3.12.1.GA.jar:/home/joerg/mvnrepo/org/slf4j/slf4j-log4j12/1.6.2/slf4j-log4j12-1.6.2.jar:/home/joerg/mvnrepo/log4j/log4j/1.2.13/log4j-1.2.13.jar:/home/joerg/mvnrepo/com/jgoodies/binding/2.0.6/binding-2.0.6.jar:/home/joerg/mvnrepo/com/jgoodies/forms/1.2.1/forms-1.2.1.jar:/home/joerg/mvnrepo/com/jgoodies/validation/2.0.1/validation-2.0.1.jar:/home/joerg/mvnrepo/org/apache/poi/poi-scratchpad/3.2-FINAL/poi-scratchpad-3.2-FINAL.jar:/home/joerg/mvnrepo/org/apache/poi/poi/3.2-FINAL/poi-3.2-FINAL.jar:/home/joerg/mvnrepo/commons-logging/commons-logging/1.1/commons-logging-1.1.jar:/home/joerg/mvnrepo/org/swinglabs/swingx/1.6.1/swingx-1.6.1.jar:/home/joerg/mvnrepo/com/jhlabs/filters/2.0.235/filters-2.0.235.jar:/home/joerg/mvnrepo/org/swinglabs/swing-worker/1.1/swing-worker-1.1.jar:/home/joerg/mvnrepo/jasperreports/jasperreports/3.5.3/jasperreports-3.5.3.jar:/home/joerg/mvnrepo/commons-beanutils/commons-beanutils/1.8.0/commons-beanutils-1.8.0.jar:/home/joerg/mvnrepo/commons-digester/commons-digester/1.7/commons-digester-1.7.jar:/home/joerg/mvnrepo/com/lowagie/itext/2.1.0/itext-2.1.0.jar:/home/joerg/mvnrepo/bouncycastle/bcmail-jdk14/136/bcmail-jdk14-136.jar:/home/joerg/mvnrepo/bouncycastle/bcprov-jdk14/136/bcprov-jdk14-136.jar:/home/joerg/mvnrepo/jfree/jcommon/1.0.15/jcommon-1.0.15.jar:/home/joerg/mvnrepo/jfree/jfreechart/1.0.12/jfreechart-1.0.12.jar:/home/joerg/mvnrepo/eclipse/jdtcore/3.1.0/jdtcore-3.1.0.jar:"/>
    <property name="java.specification.name" value="Java Platform API Specification"/>
    <property name="java.class.version" value="50.0"/>
    <property name="sun.management.compiler" value="HotSpot 64-Bit Tiered Compilers"/>
    <property name="os.version" value="3.0.0-16-generic"/>
    <property name="user.home" value="/home/joerg"/>
    <property name="user.timezone" value=""/>
    <property name="java.awt.printerjob" value="sun.print.PSPrinterJob"/>
    <property name="file.encoding" value="UTF-8"/>
    <property name="java.specification.version" value="1.6"/>
    <property name="user.name" value="joerg"/>
    <property name="java.class.path" value="/home/joerg/Develop/Workspace/jfire/target/test-classes:/home/joerg/Develop/Workspace/jfire/target/classes:/home/joerg/mvnrepo/commons-collections/commons-collections/3.2.1/commons-collections-3.2.1.jar:/home/joerg/mvnrepo/junit/junit/4.8.2/junit-4.8.2.jar:/home/joerg/mvnrepo/org/hibernate/hibernate-core/3.5.6-Final/hibernate-core-3.5.6-Final.jar:/home/joerg/mvnrepo/antlr/antlr/2.7.6/antlr-2.7.6.jar:/home/joerg/mvnrepo/dom4j/dom4j/1.6.1/dom4j-1.6.1.jar:/home/joerg/mvnrepo/xml-apis/xml-apis/1.3.02/xml-apis-1.3.02.jar:/home/joerg/mvnrepo/javax/transaction/jta/1.1/jta-1.1.jar:/home/joerg/mvnrepo/org/slf4j/slf4j-api/1.6.2/slf4j-api-1.6.2.jar:/home/joerg/mvnrepo/org/hibernate/hibernate-annotations/3.5.6-Final/hibernate-annotations-3.5.6-Final.jar:/home/joerg/mvnrepo/org/hibernate/hibernate-commons-annotations/3.2.0.Final/hibernate-commons-annotations-3.2.0.Final.jar:/home/joerg/mvnrepo/org/hibernate/javax/persistence/hibernate-jpa-2.0-api/1.0.0.Final/hibernate-jpa-2.0-api-1.0.0.Final.jar:/home/joerg/mvnrepo/org/apache/derby/derby/10.8.1.2/derby-10.8.1.2.jar:/home/joerg/mvnrepo/c3p0/c3p0/0.9.1/c3p0-0.9.1.jar:/home/joerg/mvnrepo/javassist/javassist/3.12.1.GA/javassist-3.12.1.GA.jar:/home/joerg/mvnrepo/org/slf4j/slf4j-log4j12/1.6.2/slf4j-log4j12-1.6.2.jar:/home/joerg/mvnrepo/log4j/log4j/1.2.13/log4j-1.2.13.jar:/home/joerg/mvnrepo/com/jgoodies/binding/2.0.6/binding-2.0.6.jar:/home/joerg/mvnrepo/com/jgoodies/forms/1.2.1/forms-1.2.1.jar:/home/joerg/mvnrepo/com/jgoodies/validation/2.0.1/validation-2.0.1.jar:/home/joerg/mvnrepo/org/apache/poi/poi-scratchpad/3.2-FINAL/poi-scratchpad-3.2-FINAL.jar:/home/joerg/mvnrepo/org/apache/poi/poi/3.2-FINAL/poi-3.2-FINAL.jar:/home/joerg/mvnrepo/commons-logging/commons-logging/1.1/commons-logging-1.1.jar:/home/joerg/mvnrepo/org/swinglabs/swingx/1.6.1/swingx-1.6.1.jar:/home/joerg/mvnrepo/com/jhlabs/filters/2.0.235/filters-2.0.235.jar:/home/joerg/mvnrepo/org/swinglabs/swing-worker/1.1/swing-worker-1.1.jar:/home/joerg/mvnrepo/jasperreports/jasperreports/3.5.3/jasperreports-3.5.3.jar:/home/joerg/mvnrepo/commons-beanutils/commons-beanutils/1.8.0/commons-beanutils-1.8.0.jar:/home/joerg/mvnrepo/commons-digester/commons-digester/1.7/commons-digester-1.7.jar:/home/joerg/mvnrepo/com/lowagie/itext/2.1.0/itext-2.1.0.jar:/home/joerg/mvnrepo/bouncycastle/bcmail-jdk14/136/bcmail-jdk14-136.jar:/home/joerg/mvnrepo/bouncycastle/bcprov-jdk14/136/bcprov-jdk14-136.jar:/home/joerg/mvnrepo/jfree/jcommon/1.0.15/jcommon-1.0.15.jar:/home/joerg/mvnrepo/jfree/jfreechart/1.0.12/jfreechart-1.0.12.jar:/home/joerg/mvnrepo/eclipse/jdtcore/3.1.0/jdtcore-3.1.0.jar:"/>
    <property name="java.vm.specification.version" value="1.0"/>
    <property name="sun.arch.data.model" value="64"/>
    <property name="java.home" value="/usr/lib/jvm/java-6-openjdk/jre"/>
    <property name="sun.java.command" value="/tmp/surefirebooter7065963111575999030.jar /tmp/surefire6734401726166412759tmp /tmp/surefire6174047729050559574tmp"/>
    <property name="java.specification.vendor" value="Sun Microsystems Inc."/>
    <property name="user.language" value="de"/>
    <property name="java.vm.info" value="mixed mode"/>
    <property name="java.version" value="1.6.0_23"/>
    <property name="java.ext.dirs" value="/usr/lib/jvm/java-6-openjdk/jre/lib/ext:/usr/java/packages/lib/ext"/>
    <property name="sun.boot.class.path" value="/usr/lib/jvm/java-6-openjdk/jre/lib/resources.jar:/usr/lib/jvm/java-6-openjdk/jre/lib/rt.jar:/usr/lib/jvm/java-6-openjdk/jre/lib/sunrsasign.jar:/usr/lib/jvm/java-6-openjdk/jre/lib/jsse.jar:/usr/lib/jvm/java-6-openjdk/jre/lib/jce.jar:/usr/lib/jvm/java-6-openjdk/jre/lib/charsets.jar:/usr/lib/jvm/java-6-openjdk/jre/lib/netx.jar:/usr/lib/jvm/java-6-openjdk/jre/lib/plugin.jar:/usr/lib/jvm/java-6-openjdk/jre/lib/rhino.jar:/usr/lib/jvm/java-6-openjdk/jre/lib/modules/jdk.boot.jar:/usr/lib/jvm/java-6-openjdk/jre/classes"/>
    <property name="java.vendor" value="Sun Microsystems Inc."/>
    <property name="localRepository" value="/home/joerg/mvnrepo/"/>
    <property name="file.separator" value="/"/>
    <property name="java.vendor.url.bug" value="http://java.sun.com/cgi-bin/bugreport.cgi"/>
    <property name="sun.cpu.endian" value="little"/>
    <property name="sun.io.unicode.encoding" value="UnicodeLittle"/>
    <property name="sun.desktop" value="gnome"/>
    <property name="sun.cpu.isalist" value=""/>
  </properties>
  <testcase time="0.005" classname="biz.wittkemper.jfiretest.ConfigTest" name="test"/>
</testsuite>