<?xml version="1.0" encoding="UTF-8" ?>
<testsuite failures="0" time="0.063" errors="0" skipped="0" tests="1" name="biz.wittkemper.jfiretest.ConfigTest">
  <properties>
    <property name="java.runtime.name" value="Java(TM) SE Runtime Environment"/>
    <property name="sun.boot.library.path" value="C:\Programme\Java\jdk1.6.0_33\jre\bin"/>
    <property name="java.vm.version" value="20.8-b03"/>
    <property name="java.vm.vendor" value="Sun Microsystems Inc."/>
    <property name="java.vendor.url" value="http://java.sun.com/"/>
    <property name="path.separator" value=";"/>
    <property name="java.vm.name" value="Java HotSpot(TM) Client VM"/>
    <property name="file.encoding.pkg" value="sun.io"/>
    <property name="user.country" value="DE"/>
    <property name="sun.java.launcher" value="SUN_STANDARD"/>
    <property name="sun.os.patch.level" value="Service Pack 3"/>
    <property name="java.vm.specification.name" value="Java Virtual Machine Specification"/>
    <property name="user.dir" value="C:\diverses\myworkspace\jfire\jfire"/>
    <property name="java.runtime.version" value="1.6.0_33-b03"/>
    <property name="java.awt.graphicsenv" value="sun.awt.Win32GraphicsEnvironment"/>
    <property name="basedir" value="C:\diverses\myworkspace\jfire\jfire"/>
    <property name="java.endorsed.dirs" value="C:\Programme\Java\jdk1.6.0_33\jre\lib\endorsed"/>
    <property name="os.arch" value="x86"/>
    <property name="surefire.real.class.path" value="C:\DOKUME~1\JWITTK~1\LOKALE~1\Temp\surefirebooter6623910067563474352.jar"/>
    <property name="java.io.tmpdir" value="C:\DOKUME~1\JWITTK~1\LOKALE~1\Temp\"/>
    <property name="line.separator" value="
"/>
    <property name="java.vm.specification.vendor" value="Sun Microsystems Inc."/>
    <property name="user.variant" value=""/>
    <property name="os.name" value="Windows XP"/>
    <property name="sun.jnu.encoding" value="Cp1252"/>
    <property name="java.library.path" value="C:\Programme\Java\jdk1.6.0_33\jre\bin;C:\WINDOWS\Sun\Java\bin;C:\WINDOWS\system32;C:\WINDOWS;c:\dev\bin;C:\Programme\Java\jdk1.6.0_33\jre\bin;C:\dev\opt\apache-maven-2.2.1\bin;C:\dev\opt\apache-ant-1.8.0RC1\bin;c:\dev\opt\putty\bin;c:\dev\opt\sap2java\;c:\dev\opt\mingw\bin;c:\dev\opt\msys\1.0;c:\dev\opt\msys\mine\usr\local\wbin;c:\dev\opt\msys\mine\bin;C:\WINDOWS\system32;C:\WINDOWS;C:\WINDOWS\System32\Wbem;C:\WINDOWS\system32\WindowsPowerShell\v1.0;C:\Programme\TortoiseSVN\bin\bin;c:\dev\opt\perl\bin;%PHP_HOME%\bin;c:\dev\opt\msys\1.0\bin;c:\dev\opt\putty;C:\Programme\TortoiseSVN\bin;."/>
    <property name="surefire.test.class.path" value="C:\diverses\myworkspace\jfire\jfire\target\test-classes;C:\diverses\myworkspace\jfire\jfire\target\classes;c:\dev\maven-repo\commons-collections\commons-collections\3.2.1\commons-collections-3.2.1.jar;c:\dev\maven-repo\junit\junit\4.8.2\junit-4.8.2.jar;c:\dev\maven-repo\org\hibernate\hibernate-core\3.5.6-Final\hibernate-core-3.5.6-Final.jar;c:\dev\maven-repo\antlr\antlr\2.7.6\antlr-2.7.6.jar;c:\dev\maven-repo\dom4j\dom4j\1.6.1\dom4j-1.6.1.jar;c:\dev\maven-repo\xml-apis\xml-apis\1.3.02\xml-apis-1.3.02.jar;c:\dev\maven-repo\javax\transaction\jta\1.1\jta-1.1.jar;c:\dev\maven-repo\org\slf4j\slf4j-api\1.6.2\slf4j-api-1.6.2.jar;c:\dev\maven-repo\org\hibernate\hibernate-annotations\3.5.6-Final\hibernate-annotations-3.5.6-Final.jar;c:\dev\maven-repo\org\hibernate\hibernate-commons-annotations\3.2.0.Final\hibernate-commons-annotations-3.2.0.Final.jar;c:\dev\maven-repo\org\hibernate\javax\persistence\hibernate-jpa-2.0-api\1.0.0.Final\hibernate-jpa-2.0-api-1.0.0.Final.jar;c:\dev\maven-repo\org\apache\derby\derby\10.8.1.2\derby-10.8.1.2.jar;c:\dev\maven-repo\c3p0\c3p0\0.9.1\c3p0-0.9.1.jar;c:\dev\maven-repo\javassist\javassist\3.12.1.GA\javassist-3.12.1.GA.jar;c:\dev\maven-repo\org\slf4j\slf4j-log4j12\1.6.2\slf4j-log4j12-1.6.2.jar;c:\dev\maven-repo\log4j\log4j\1.2.13\log4j-1.2.13.jar;c:\dev\maven-repo\com\jgoodies\binding\2.0.6\binding-2.0.6.jar;c:\dev\maven-repo\com\jgoodies\forms\1.2.1\forms-1.2.1.jar;c:\dev\maven-repo\com\jgoodies\validation\2.0.1\validation-2.0.1.jar;c:\dev\maven-repo\org\apache\poi\poi-scratchpad\3.2-FINAL\poi-scratchpad-3.2-FINAL.jar;c:\dev\maven-repo\org\apache\poi\poi\3.2-FINAL\poi-3.2-FINAL.jar;c:\dev\maven-repo\commons-logging\commons-logging\1.1\commons-logging-1.1.jar;c:\dev\maven-repo\org\swinglabs\swingx\1.6.1\swingx-1.6.1.jar;c:\dev\maven-repo\com\jhlabs\filters\2.0.235\filters-2.0.235.jar;c:\dev\maven-repo\org\swinglabs\swing-worker\1.1\swing-worker-1.1.jar;c:\dev\maven-repo\net\sf\jasperreports\jasperreports\4.5.1\jasperreports-4.5.1.jar;c:\dev\maven-repo\commons-beanutils\commons-beanutils\1.8.0\commons-beanutils-1.8.0.jar;c:\dev\maven-repo\commons-digester\commons-digester\2.1\commons-digester-2.1.jar;c:\dev\maven-repo\com\lowagie\itext\2.1.7\itext-2.1.7.jar;c:\dev\maven-repo\bouncycastle\bcmail-jdk14\138\bcmail-jdk14-138.jar;c:\dev\maven-repo\bouncycastle\bcprov-jdk14\138\bcprov-jdk14-138.jar;c:\dev\maven-repo\org\bouncycastle\bctsp-jdk14\1.38\bctsp-jdk14-1.38.jar;c:\dev\maven-repo\org\bouncycastle\bcprov-jdk14\1.38\bcprov-jdk14-1.38.jar;c:\dev\maven-repo\org\bouncycastle\bcmail-jdk14\1.38\bcmail-jdk14-1.38.jar;c:\dev\maven-repo\jfree\jcommon\1.0.15\jcommon-1.0.15.jar;c:\dev\maven-repo\jfree\jfreechart\1.0.12\jfreechart-1.0.12.jar;c:\dev\maven-repo\eclipse\jdtcore\3.1.0\jdtcore-3.1.0.jar;c:\dev\maven-repo\org\codehaus\castor\castor\1.2\castor-1.2.jar;c:\dev\maven-repo\org\apache\poi\poi-ooxml\3.7\poi-ooxml-3.7.jar;c:\dev\maven-repo\org\apache\poi\poi-ooxml-schemas\3.7\poi-ooxml-schemas-3.7.jar;c:\dev\maven-repo\org\apache\xmlbeans\xmlbeans\2.3.0\xmlbeans-2.3.0.jar;c:\dev\maven-repo\stax\stax-api\1.0.1\stax-api-1.0.1.jar;c:\dev\maven-repo\org\apache\geronimo\specs\geronimo-stax-api_1.0_spec\1.0\geronimo-stax-api_1.0_spec-1.0.jar;c:\dev\maven-repo\org\codehaus\jackson\jackson-core-lgpl\1.7.4\jackson-core-lgpl-1.7.4.jar;c:\dev\maven-repo\org\codehaus\jackson\jackson-mapper-lgpl\1.7.4\jackson-mapper-lgpl-1.7.4.jar;"/>
    <property name="java.specification.name" value="Java Platform API Specification"/>
    <property name="java.class.version" value="50.0"/>
    <property name="sun.management.compiler" value="HotSpot Client Compiler"/>
    <property name="os.version" value="5.1"/>
    <property name="user.home" value="C:\Dokumente und Einstellungen\jwittkemper"/>
    <property name="user.timezone" value=""/>
    <property name="java.awt.printerjob" value="sun.awt.windows.WPrinterJob"/>
    <property name="java.specification.version" value="1.6"/>
    <property name="file.encoding" value="Cp1252"/>
    <property name="user.name" value="jwittkemper"/>
    <property name="java.class.path" value="C:\diverses\myworkspace\jfire\jfire\target\test-classes;C:\diverses\myworkspace\jfire\jfire\target\classes;c:\dev\maven-repo\commons-collections\commons-collections\3.2.1\commons-collections-3.2.1.jar;c:\dev\maven-repo\junit\junit\4.8.2\junit-4.8.2.jar;c:\dev\maven-repo\org\hibernate\hibernate-core\3.5.6-Final\hibernate-core-3.5.6-Final.jar;c:\dev\maven-repo\antlr\antlr\2.7.6\antlr-2.7.6.jar;c:\dev\maven-repo\dom4j\dom4j\1.6.1\dom4j-1.6.1.jar;c:\dev\maven-repo\xml-apis\xml-apis\1.3.02\xml-apis-1.3.02.jar;c:\dev\maven-repo\javax\transaction\jta\1.1\jta-1.1.jar;c:\dev\maven-repo\org\slf4j\slf4j-api\1.6.2\slf4j-api-1.6.2.jar;c:\dev\maven-repo\org\hibernate\hibernate-annotations\3.5.6-Final\hibernate-annotations-3.5.6-Final.jar;c:\dev\maven-repo\org\hibernate\hibernate-commons-annotations\3.2.0.Final\hibernate-commons-annotations-3.2.0.Final.jar;c:\dev\maven-repo\org\hibernate\javax\persistence\hibernate-jpa-2.0-api\1.0.0.Final\hibernate-jpa-2.0-api-1.0.0.Final.jar;c:\dev\maven-repo\org\apache\derby\derby\10.8.1.2\derby-10.8.1.2.jar;c:\dev\maven-repo\c3p0\c3p0\0.9.1\c3p0-0.9.1.jar;c:\dev\maven-repo\javassist\javassist\3.12.1.GA\javassist-3.12.1.GA.jar;c:\dev\maven-repo\org\slf4j\slf4j-log4j12\1.6.2\slf4j-log4j12-1.6.2.jar;c:\dev\maven-repo\log4j\log4j\1.2.13\log4j-1.2.13.jar;c:\dev\maven-repo\com\jgoodies\binding\2.0.6\binding-2.0.6.jar;c:\dev\maven-repo\com\jgoodies\forms\1.2.1\forms-1.2.1.jar;c:\dev\maven-repo\com\jgoodies\validation\2.0.1\validation-2.0.1.jar;c:\dev\maven-repo\org\apache\poi\poi-scratchpad\3.2-FINAL\poi-scratchpad-3.2-FINAL.jar;c:\dev\maven-repo\org\apache\poi\poi\3.2-FINAL\poi-3.2-FINAL.jar;c:\dev\maven-repo\commons-logging\commons-logging\1.1\commons-logging-1.1.jar;c:\dev\maven-repo\org\swinglabs\swingx\1.6.1\swingx-1.6.1.jar;c:\dev\maven-repo\com\jhlabs\filters\2.0.235\filters-2.0.235.jar;c:\dev\maven-repo\org\swinglabs\swing-worker\1.1\swing-worker-1.1.jar;c:\dev\maven-repo\net\sf\jasperreports\jasperreports\4.5.1\jasperreports-4.5.1.jar;c:\dev\maven-repo\commons-beanutils\commons-beanutils\1.8.0\commons-beanutils-1.8.0.jar;c:\dev\maven-repo\commons-digester\commons-digester\2.1\commons-digester-2.1.jar;c:\dev\maven-repo\com\lowagie\itext\2.1.7\itext-2.1.7.jar;c:\dev\maven-repo\bouncycastle\bcmail-jdk14\138\bcmail-jdk14-138.jar;c:\dev\maven-repo\bouncycastle\bcprov-jdk14\138\bcprov-jdk14-138.jar;c:\dev\maven-repo\org\bouncycastle\bctsp-jdk14\1.38\bctsp-jdk14-1.38.jar;c:\dev\maven-repo\org\bouncycastle\bcprov-jdk14\1.38\bcprov-jdk14-1.38.jar;c:\dev\maven-repo\org\bouncycastle\bcmail-jdk14\1.38\bcmail-jdk14-1.38.jar;c:\dev\maven-repo\jfree\jcommon\1.0.15\jcommon-1.0.15.jar;c:\dev\maven-repo\jfree\jfreechart\1.0.12\jfreechart-1.0.12.jar;c:\dev\maven-repo\eclipse\jdtcore\3.1.0\jdtcore-3.1.0.jar;c:\dev\maven-repo\org\codehaus\castor\castor\1.2\castor-1.2.jar;c:\dev\maven-repo\org\apache\poi\poi-ooxml\3.7\poi-ooxml-3.7.jar;c:\dev\maven-repo\org\apache\poi\poi-ooxml-schemas\3.7\poi-ooxml-schemas-3.7.jar;c:\dev\maven-repo\org\apache\xmlbeans\xmlbeans\2.3.0\xmlbeans-2.3.0.jar;c:\dev\maven-repo\stax\stax-api\1.0.1\stax-api-1.0.1.jar;c:\dev\maven-repo\org\apache\geronimo\specs\geronimo-stax-api_1.0_spec\1.0\geronimo-stax-api_1.0_spec-1.0.jar;c:\dev\maven-repo\org\codehaus\jackson\jackson-core-lgpl\1.7.4\jackson-core-lgpl-1.7.4.jar;c:\dev\maven-repo\org\codehaus\jackson\jackson-mapper-lgpl\1.7.4\jackson-mapper-lgpl-1.7.4.jar;"/>
    <property name="java.vm.specification.version" value="1.0"/>
    <property name="sun.arch.data.model" value="32"/>
    <property name="java.home" value="C:\Programme\Java\jdk1.6.0_33\jre"/>
    <property name="sun.java.command" value="C:\DOKUME~1\JWITTK~1\LOKALE~1\Temp\surefirebooter6623910067563474352.jar C:\DOKUME~1\JWITTK~1\LOKALE~1\Temp\surefire4392606230539197252tmp C:\DOKUME~1\JWITTK~1\LOKALE~1\Temp\surefire6927750494618070129tmp"/>
    <property name="java.specification.vendor" value="Sun Microsystems Inc."/>
    <property name="user.language" value="de"/>
    <property name="awt.toolkit" value="sun.awt.windows.WToolkit"/>
    <property name="java.vm.info" value="mixed mode, sharing"/>
    <property name="java.version" value="1.6.0_33"/>
    <property name="java.ext.dirs" value="C:\Programme\Java\jdk1.6.0_33\jre\lib\ext;C:\WINDOWS\Sun\Java\lib\ext"/>
    <property name="sun.boot.class.path" value="C:\Programme\Java\jdk1.6.0_33\jre\lib\resources.jar;C:\Programme\Java\jdk1.6.0_33\jre\lib\rt.jar;C:\Programme\Java\jdk1.6.0_33\jre\lib\sunrsasign.jar;C:\Programme\Java\jdk1.6.0_33\jre\lib\jsse.jar;C:\Programme\Java\jdk1.6.0_33\jre\lib\jce.jar;C:\Programme\Java\jdk1.6.0_33\jre\lib\charsets.jar;C:\Programme\Java\jdk1.6.0_33\jre\lib\modules\jdk.boot.jar;C:\Programme\Java\jdk1.6.0_33\jre\classes"/>
    <property name="java.vendor" value="Sun Microsystems Inc."/>
    <property name="localRepository" value="c:/dev/maven-repo"/>
    <property name="file.separator" value="\"/>
    <property name="java.vendor.url.bug" value="http://java.sun.com/cgi-bin/bugreport.cgi"/>
    <property name="sun.cpu.endian" value="little"/>
    <property name="sun.io.unicode.encoding" value="UnicodeLittle"/>
    <property name="sun.desktop" value="windows"/>
    <property name="sun.cpu.isalist" value="pentium_pro+mmx pentium_pro pentium+mmx pentium i486 i386 i86"/>
  </properties>
  <testcase time="0.016" classname="biz.wittkemper.jfiretest.ConfigTest" name="test"/>
</testsuite>